# JRE version: OpenJDK Runtime Environment (8.0_242-b01) (build 1.8.0_242-release-1644-b01)
# Java VM: OpenJDK 64-Bit Server VM (25.242-b01 mixed mode windows-amd64 compressed oops)
Heap:
 PSYoungGen      total 410112K, used 219789K [0x00000000d5580000, 0x00000000f4b80000, 0x0000000100000000)
  eden space 359936K, 58% used [0x00000000d5580000,0x00000000e21ced10,0x00000000eb500000)
  from space 50176K, 21% used [0x00000000eb500000,0x00000000ebf54a50,0x00000000ee600000)
  to   space 48128K, 0% used [0x00000000f1c80000,0x00000000f1c80000,0x00000000f4b80000)
 ParOldGen       total 201728K, used 122717K [0x0000000080000000, 0x000000008c500000, 0x00000000d5580000)
  object space 201728K, 60% used [0x0000000080000000,0x00000000877d74f0,0x000000008c500000)
 Metaspace       used 111810K, capacity 116910K, committed 117244K, reserved 1150976K
  class space    used 14512K, capacity 15506K, committed 15612K, reserved 1048576K
GC Heap History (10 events):
Event: 2088.847 GC heap before
{Heap before GC invocations=23 (full 4):
 PSYoungGen      total 302592K, used 302581K [0x00000000d5580000, 0x00000000eda80000, 0x0000000100000000)
  eden space 259584K, 100% used [0x00000000d5580000,0x00000000e5300000,0x00000000e5300000)
  from space 43008K, 99% used [0x00000000e8a00000,0x00000000eb3fd4f0,0x00000000eb400000)
  to   space 56320K, 0% used [0x00000000e5300000,0x00000000e5300000,0x00000000e8a00000)
 ParOldGen       total 201728K, used 81289K [0x0000000080000000, 0x000000008c500000, 0x00000000d5580000)
  object space 201728K, 40% used [0x0000000080000000,0x0000000084f62488,0x000000008c500000)
 Metaspace       used 103519K, capacity 108180K, committed 108796K, reserved 1142784K
  class space    used 13575K, capacity 14506K, committed 14588K, reserved 1048576K
Event: 2088.943 GC heap after
Heap after GC invocations=23 (full 4):
 PSYoungGen      total 315904K, used 6153K [0x00000000d5580000, 0x00000000ef200000, 0x0000000100000000)
  eden space 259584K, 0% used [0x00000000d5580000,0x00000000d5580000,0x00000000e5300000)
  from space 56320K, 10% used [0x00000000e5300000,0x00000000e59025c8,0x00000000e8a00000)
  to   space 55808K, 0% used [0x00000000ebb80000,0x00000000ebb80000,0x00000000ef200000)
 ParOldGen       total 201728K, used 118400K [0x0000000080000000, 0x000000008c500000, 0x00000000d5580000)
  object space 201728K, 58% used [0x0000000080000000,0x00000000873a0310,0x000000008c500000)
 Metaspace       used 103519K, capacity 108180K, committed 108796K, reserved 1142784K
  class space    used 13575K, capacity 14506K, committed 14588K, reserved 1048576K
}
Event: 2090.808 GC heap before
{Heap before GC invocations=24 (full 4):
 PSYoungGen      total 315904K, used 265737K [0x00000000d5580000, 0x00000000ef200000, 0x0000000100000000)
  eden space 259584K, 100% used [0x00000000d5580000,0x00000000e5300000,0x00000000e5300000)
  from space 56320K, 10% used [0x00000000e5300000,0x00000000e59025c8,0x00000000e8a00000)
  to   space 55808K, 0% used [0x00000000ebb80000,0x00000000ebb80000,0x00000000ef200000)
 ParOldGen       total 201728K, used 118400K [0x0000000080000000, 0x000000008c500000, 0x00000000d5580000)
  object space 201728K, 58% used [0x0000000080000000,0x00000000873a0310,0x000000008c500000)
 Metaspace       used 105096K, capacity 110058K, committed 110332K, reserved 1144832K
  class space    used 13762K, capacity 14739K, committed 14844K, reserved 1048576K
Event: 2090.836 GC heap after
Heap after GC invocations=24 (full 4):
 PSYoungGen      total 357376K, used 5192K [0x00000000d5580000, 0x00000000eec80000, 0x0000000100000000)
  eden space 307200K, 0% used [0x00000000d5580000,0x00000000d5580000,0x00000000e8180000)
  from space 50176K, 10% used [0x00000000ebb80000,0x00000000ec0920d0,0x00000000eec80000)
  to   space 54784K, 0% used [0x00000000e8180000,0x00000000e8180000,0x00000000eb700000)
 ParOldGen       total 201728K, used 122693K [0x0000000080000000, 0x000000008c500000, 0x00000000d5580000)
  object space 201728K, 60% used [0x0000000080000000,0x00000000877d14f0,0x000000008c500000)
 Metaspace       used 105096K, capacity 110058K, committed 110332K, reserved 1144832K
  class space    used 13762K, capacity 14739K, committed 14844K, reserved 1048576K
}
Event: 2092.985 GC heap before
{Heap before GC invocations=25 (full 4):
 PSYoungGen      total 357376K, used 312392K [0x00000000d5580000, 0x00000000eec80000, 0x0000000100000000)
  eden space 307200K, 100% used [0x00000000d5580000,0x00000000e8180000,0x00000000e8180000)
  from space 50176K, 10% used [0x00000000ebb80000,0x00000000ec0920d0,0x00000000eec80000)
  to   space 54784K, 0% used [0x00000000e8180000,0x00000000e8180000,0x00000000eb700000)
 ParOldGen       total 201728K, used 122693K [0x0000000080000000, 0x000000008c500000, 0x00000000d5580000)
  object space 201728K, 60% used [0x0000000080000000,0x00000000877d14f0,0x000000008c500000)
 Metaspace       used 109975K, capacity 115016K, committed 115324K, reserved 1148928K
  class space    used 14348K, capacity 15333K, committed 15484K, reserved 1048576K
Event: 2093.009 GC heap after
Heap after GC invocations=25 (full 4):
 PSYoungGen      total 361984K, used 11914K [0x00000000d5580000, 0x00000000f1a00000, 0x0000000100000000)
  eden space 307200K, 0% used [0x00000000d5580000,0x00000000d5580000,0x00000000e8180000)
  from space 54784K, 21% used [0x00000000e8180000,0x00000000e8d228c8,0x00000000eb700000)
  to   space 52224K, 0% used [0x00000000ee700000,0x00000000ee700000,0x00000000f1a00000)
 ParOldGen       total 201728K, used 122701K [0x0000000080000000, 0x000000008c500000, 0x00000000d5580000)
  object space 201728K, 60% used [0x0000000080000000,0x00000000877d34f0,0x000000008c500000)
 Metaspace       used 109975K, capacity 115016K, committed 115324K, reserved 1148928K
  class space    used 14348K, capacity 15333K, committed 15484K, reserved 1048576K
}
Event: 2096.199 GC heap before
{Heap before GC invocations=26 (full 4):
 PSYoungGen      total 361984K, used 319114K [0x00000000d5580000, 0x00000000f1a00000, 0x0000000100000000)
  eden space 307200K, 100% used [0x00000000d5580000,0x00000000e8180000,0x00000000e8180000)
  from space 54784K, 21% used [0x00000000e8180000,0x00000000e8d228c8,0x00000000eb700000)
  to   space 52224K, 0% used [0x00000000ee700000,0x00000000ee700000,0x00000000f1a00000)
 ParOldGen       total 201728K, used 122701K [0x0000000080000000, 0x000000008c500000, 0x00000000d5580000)
  object space 201728K, 60% used [0x0000000080000000,0x00000000877d34f0,0x000000008c500000)
 Metaspace       used 111710K, capacity 116776K, committed 116988K, reserved 1150976K
  class space    used 14505K, capacity 15505K, committed 15612K, reserved 1048576K
Event: 2096.280 GC heap after
Heap after GC invocations=26 (full 4):
 PSYoungGen      total 409088K, used 12263K [0x00000000d5580000, 0x00000000f1700000, 0x0000000100000000)
  eden space 359936K, 0% used [0x00000000d5580000,0x00000000d5580000,0x00000000eb500000)
  from space 49152K, 24% used [0x00000000ee700000,0x00000000ef2f9e88,0x00000000f1700000)
  to   space 50176K, 0% used [0x00000000eb500000,0x00000000eb500000,0x00000000ee600000)
 ParOldGen       total 201728K, used 122709K [0x0000000080000000, 0x000000008c500000, 0x00000000d5580000)
  object space 201728K, 60% used [0x0000000080000000,0x00000000877d54f0,0x000000008c500000)
 Metaspace       used 111710K, capacity 116776K, committed 116988K, reserved 1150976K
  class space    used 14505K, capacity 15505K, committed 15612K, reserved 1048576K
}
Event: 2098.700 GC heap before
{Heap before GC invocations=27 (full 4):
 PSYoungGen      total 409088K, used 372199K [0x00000000d5580000, 0x00000000f1700000, 0x0000000100000000)
  eden space 359936K, 100% used [0x00000000d5580000,0x00000000eb500000,0x00000000eb500000)
  from space 49152K, 24% used [0x00000000ee700000,0x00000000ef2f9e88,0x00000000f1700000)
  to   space 50176K, 0% used [0x00000000eb500000,0x00000000eb500000,0x00000000ee600000)
 ParOldGen       total 201728K, used 122709K [0x0000000080000000, 0x000000008c500000, 0x00000000d5580000)
  object space 201728K, 60% used [0x0000000080000000,0x00000000877d54f0,0x000000008c500000)
 Metaspace       used 111801K, capacity 116910K, committed 117244K, reserved 1150976K
  class space    used 14512K, capacity 15506K, committed 15612K, reserved 1048576K
Event: 2098.734 GC heap after
Heap after GC invocations=27 (full 4):
 PSYoungGen      total 410112K, used 10578K [0x00000000d5580000, 0x00000000f4b80000, 0x0000000100000000)
  eden space 359936K, 0% used [0x00000000d5580000,0x00000000d5580000,0x00000000eb500000)
  from space 50176K, 21% used [0x00000000eb500000,0x00000000ebf54a50,0x00000000ee600000)
  to   space 48128K, 0% used [0x00000000f1c80000,0x00000000f1c80000,0x00000000f4b80000)
 ParOldGen       total 201728K, used 122717K [0x0000000080000000, 0x000000008c500000, 0x00000000d5580000)
  object space 201728K, 60% used [0x0000000080000000,0x00000000877d74f0,0x000000008c500000)
 Metaspace       used 111801K, capacity 116910K, committed 117244K, reserved 1150976K
  class space    used 14512K, capacity 15506K, committed 15612K, reserved 1048576K
}

